
> project@0.1.0 start
> react-scripts start

(node:6930) [DEP_WEBPACK_DEV_SERVER_ON_AFTER_SETUP_MIDDLEWARE] DeprecationWarning: 'onAfterSetupMiddleware' option is deprecated. Please use the 'setupMiddlewares' option.
(Use `node --trace-deprecation ...` to show where the warning was created)
(node:6930) [DEP_WEBPACK_DEV_SERVER_ON_BEFORE_SETUP_MIDDLEWARE] DeprecationWarning: 'onBeforeSetupMiddleware' option is deprecated. Please use the 'setupMiddlewares' option.
Starting the development server...

Compiled with warnings.

[eslint] 
src/components/billing/BillingManagement.js
  Line 14:10:  'payments' is assigned a value but never used  no-unused-vars

src/components/inpatient/InpatientManagement.js
  Line 6:10:   'Bed' is defined but never used                         no-unused-vars
  Line 18:10:  'selectedBed' is assigned a value but never used        no-unused-vars
  Line 18:23:  'setSelectedBed' is assigned a value but never used     no-unused-vars
  Line 228:9:  'getBedStatusColor' is assigned a value but never used  no-unused-vars
  Line 238:9:  'bedsByRoom' is assigned a value but never used         no-unused-vars

src/components/rikkes/RikkesAnalytics.js
  Line 26:6:  React Hook useEffect has a missing dependency: 'loadAnalytics'. Either include it or remove the dependency array  react-hooks/exhaustive-deps

src/components/rikkes/RikkesExamForm.js
  Line 14:21:  'Save' is defined but never used                                                                                    no-unused-vars
  Line 19:23:  'selectedFaskes' is assigned a value but never used                                                                 no-unused-vars
  Line 28:6:   React Hook useEffect has a missing dependency: 'loadExamination'. Either include it or remove the dependency array  react-hooks/exhaustive-deps

src/components/rikkes/RikkesPDFPreview.js
  Line 3:10:  'useAuth' is defined but never used                                                                                 no-unused-vars
  Line 19:6:  React Hook useEffect has a missing dependency: 'loadExamination'. Either include it or remove the dependency array  react-hooks/exhaustive-deps

src/pages/PatientsPage.js
  Line 4:20:  'Eye' is defined but never used                                                                                  no-unused-vars
  Line 36:6:  React Hook useEffect has a missing dependency: 'loadPatients'. Either include it or remove the dependency array  react-hooks/exhaustive-deps

src/pages/PharmacyPage.js
  Line 4:16:  'Plus' is defined but never used                                                                              no-unused-vars
  Line 36:6:  React Hook useEffect has a missing dependency: 'loadDrugs'. Either include it or remove the dependency array  react-hooks/exhaustive-deps

Search for the keywords to learn more about each warning.
To ignore, add // eslint-disable-next-line to the line before.

WARNING in [eslint] 
src/components/billing/BillingManagement.js
  Line 14:10:  'payments' is assigned a value but never used  no-unused-vars

src/components/inpatient/InpatientManagement.js
  Line 6:10:   'Bed' is defined but never used                         no-unused-vars
  Line 18:10:  'selectedBed' is assigned a value but never used        no-unused-vars
  Line 18:23:  'setSelectedBed' is assigned a value but never used     no-unused-vars
  Line 228:9:  'getBedStatusColor' is assigned a value but never used  no-unused-vars
  Line 238:9:  'bedsByRoom' is assigned a value but never used         no-unused-vars

src/components/rikkes/RikkesAnalytics.js
  Line 26:6:  React Hook useEffect has a missing dependency: 'loadAnalytics'. Either include it or remove the dependency array  react-hooks/exhaustive-deps

src/components/rikkes/RikkesExamForm.js
  Line 14:21:  'Save' is defined but never used                                                                                    no-unused-vars
  Line 19:23:  'selectedFaskes' is assigned a value but never used                                                                 no-unused-vars
  Line 28:6:   React Hook useEffect has a missing dependency: 'loadExamination'. Either include it or remove the dependency array  react-hooks/exhaustive-deps

src/components/rikkes/RikkesPDFPreview.js
  Line 3:10:  'useAuth' is defined but never used                                                                                 no-unused-vars
  Line 19:6:  React Hook useEffect has a missing dependency: 'loadExamination'. Either include it or remove the dependency array  react-hooks/exhaustive-deps

src/pages/PatientsPage.js
  Line 4:20:  'Eye' is defined but never used                                                                                  no-unused-vars
  Line 36:6:  React Hook useEffect has a missing dependency: 'loadPatients'. Either include it or remove the dependency array  react-hooks/exhaustive-deps

src/pages/PharmacyPage.js
  Line 4:16:  'Plus' is defined but never used                                                                              no-unused-vars
  Line 36:6:  React Hook useEffect has a missing dependency: 'loadDrugs'. Either include it or remove the dependency array  react-hooks/exhaustive-deps

webpack compiled with 1 warning
Compiling...
Compiled with warnings.

[eslint] 
src/components/billing/BillingManagement.js
  Line 14:10:  'payments' is assigned a value but never used  no-unused-vars

src/components/inpatient/InpatientManagement.js
  Line 227:9:  'getBedStatusColor' is assigned a value but never used  no-unused-vars
  Line 237:9:  'bedsByRoom' is assigned a value but never used         no-unused-vars

src/components/rikkes/RikkesAnalytics.js
  Line 26:6:  React Hook useEffect has a missing dependency: 'loadAnalytics'. Either include it or remove the dependency array  react-hooks/exhaustive-deps

src/components/rikkes/RikkesExamForm.js
  Line 14:21:  'Save' is defined but never used                                                                                    no-unused-vars
  Line 19:23:  'selectedFaskes' is assigned a value but never used                                                                 no-unused-vars
  Line 28:6:   React Hook useEffect has a missing dependency: 'loadExamination'. Either include it or remove the dependency array  react-hooks/exhaustive-deps

src/components/rikkes/RikkesPDFPreview.js
  Line 3:10:  'useAuth' is defined but never used                                                                                 no-unused-vars
  Line 19:6:  React Hook useEffect has a missing dependency: 'loadExamination'. Either include it or remove the dependency array  react-hooks/exhaustive-deps

src/pages/PatientsPage.js
  Line 4:20:  'Eye' is defined but never used                                                                                  no-unused-vars
  Line 36:6:  React Hook useEffect has a missing dependency: 'loadPatients'. Either include it or remove the dependency array  react-hooks/exhaustive-deps

src/pages/PharmacyPage.js
  Line 4:16:  'Plus' is defined but never used                                                                              no-unused-vars
  Line 36:6:  React Hook useEffect has a missing dependency: 'loadDrugs'. Either include it or remove the dependency array  react-hooks/exhaustive-deps

Search for the keywords to learn more about each warning.
To ignore, add // eslint-disable-next-line to the line before.

WARNING in [eslint] 
src/components/billing/BillingManagement.js
  Line 14:10:  'payments' is assigned a value but never used  no-unused-vars

src/components/inpatient/InpatientManagement.js
  Line 227:9:  'getBedStatusColor' is assigned a value but never used  no-unused-vars
  Line 237:9:  'bedsByRoom' is assigned a value but never used         no-unused-vars

src/components/rikkes/RikkesAnalytics.js
  Line 26:6:  React Hook useEffect has a missing dependency: 'loadAnalytics'. Either include it or remove the dependency array  react-hooks/exhaustive-deps

src/components/rikkes/RikkesExamForm.js
  Line 14:21:  'Save' is defined but never used                                                                                    no-unused-vars
  Line 19:23:  'selectedFaskes' is assigned a value but never used                                                                 no-unused-vars
  Line 28:6:   React Hook useEffect has a missing dependency: 'loadExamination'. Either include it or remove the dependency array  react-hooks/exhaustive-deps

src/components/rikkes/RikkesPDFPreview.js
  Line 3:10:  'useAuth' is defined but never used                                                                                 no-unused-vars
  Line 19:6:  React Hook useEffect has a missing dependency: 'loadExamination'. Either include it or remove the dependency array  react-hooks/exhaustive-deps

src/pages/PatientsPage.js
  Line 4:20:  'Eye' is defined but never used                                                                                  no-unused-vars
  Line 36:6:  React Hook useEffect has a missing dependency: 'loadPatients'. Either include it or remove the dependency array  react-hooks/exhaustive-deps

src/pages/PharmacyPage.js
  Line 4:16:  'Plus' is defined but never used                                                                              no-unused-vars
  Line 36:6:  React Hook useEffect has a missing dependency: 'loadDrugs'. Either include it or remove the dependency array  react-hooks/exhaustive-deps

webpack compiled with 1 warning
Compiling...
Compiled with warnings.

[eslint] 
src/components/billing/BillingManagement.js
  Line 14:10:  'payments' is assigned a value but never used  no-unused-vars

src/components/rikkes/RikkesAnalytics.js
  Line 26:6:  React Hook useEffect has a missing dependency: 'loadAnalytics'. Either include it or remove the dependency array  react-hooks/exhaustive-deps

src/components/rikkes/RikkesExamForm.js
  Line 14:21:  'Save' is defined but never used                                                                                    no-unused-vars
  Line 19:23:  'selectedFaskes' is assigned a value but never used                                                                 no-unused-vars
  Line 28:6:   React Hook useEffect has a missing dependency: 'loadExamination'. Either include it or remove the dependency array  react-hooks/exhaustive-deps

src/components/rikkes/RikkesPDFPreview.js
  Line 3:10:  'useAuth' is defined but never used                                                                                 no-unused-vars
  Line 19:6:  React Hook useEffect has a missing dependency: 'loadExamination'. Either include it or remove the dependency array  react-hooks/exhaustive-deps

src/pages/PatientsPage.js
  Line 4:20:  'Eye' is defined but never used                                                                                  no-unused-vars
  Line 36:6:  React Hook useEffect has a missing dependency: 'loadPatients'. Either include it or remove the dependency array  react-hooks/exhaustive-deps

src/pages/PharmacyPage.js
  Line 4:16:  'Plus' is defined but never used                                                                              no-unused-vars
  Line 36:6:  React Hook useEffect has a missing dependency: 'loadDrugs'. Either include it or remove the dependency array  react-hooks/exhaustive-deps

Search for the keywords to learn more about each warning.
To ignore, add // eslint-disable-next-line to the line before.

WARNING in [eslint] 
src/components/billing/BillingManagement.js
  Line 14:10:  'payments' is assigned a value but never used  no-unused-vars

src/components/rikkes/RikkesAnalytics.js
  Line 26:6:  React Hook useEffect has a missing dependency: 'loadAnalytics'. Either include it or remove the dependency array  react-hooks/exhaustive-deps

src/components/rikkes/RikkesExamForm.js
  Line 14:21:  'Save' is defined but never used                                                                                    no-unused-vars
  Line 19:23:  'selectedFaskes' is assigned a value but never used                                                                 no-unused-vars
  Line 28:6:   React Hook useEffect has a missing dependency: 'loadExamination'. Either include it or remove the dependency array  react-hooks/exhaustive-deps

src/components/rikkes/RikkesPDFPreview.js
  Line 3:10:  'useAuth' is defined but never used                                                                                 no-unused-vars
  Line 19:6:  React Hook useEffect has a missing dependency: 'loadExamination'. Either include it or remove the dependency array  react-hooks/exhaustive-deps

src/pages/PatientsPage.js
  Line 4:20:  'Eye' is defined but never used                                                                                  no-unused-vars
  Line 36:6:  React Hook useEffect has a missing dependency: 'loadPatients'. Either include it or remove the dependency array  react-hooks/exhaustive-deps

src/pages/PharmacyPage.js
  Line 4:16:  'Plus' is defined but never used                                                                              no-unused-vars
  Line 36:6:  React Hook useEffect has a missing dependency: 'loadDrugs'. Either include it or remove the dependency array  react-hooks/exhaustive-deps

webpack compiled with 1 warning
